2014/02/10 00:00:46:048 INFO - GetAPI.doExecute REQUEST : http://localhost:8080/engine-rest/engine/default/process-definition
2014/02/10 00:00:46:185 DEBUG - API.execute RESPONSE CODE : 200
2014/02/10 00:00:46:370 DEBUG - API.execute RESPONSE STATUS : 200
2014/02/10 00:01:06:589 INFO - GetAPI.doExecute REQUEST : http://localhost:8080/engine-rest/engine/default/process-definition
2014/02/10 00:01:06:724 DEBUG - API.execute RESPONSE CODE : 200
2014/02/10 00:01:06:920 DEBUG - API.execute RESPONSE STATUS : 200
2014/02/10 00:02:36:118 INFO - GetAPI.doExecute REQUEST : http://localhost:8080/engine-rest/engine/default/process-definition
2014/02/10 00:02:36:276 DEBUG - API.execute RESPONSE CODE : 200
2014/02/10 00:02:36:491 DEBUG - API.execute RESPONSE STATUS : 200
2014/02/10 00:04:48:727 INFO - GetAPI.doExecute REQUEST : http://localhost:8080/engine-rest/engine/default/process-definition
2014/02/10 00:04:48:865 DEBUG - API.execute RESPONSE CODE : 200
2014/02/10 00:04:49:061 DEBUG - API.execute RESPONSE STATUS : 200
2014/02/10 00:05:32:760 INFO - GetAPI.doExecute REQUEST : http://localhost:8080/engine-rest/engine/default/process-definition
2014/02/10 00:05:32:897 DEBUG - API.execute RESPONSE CODE : 200
2014/02/10 00:05:33:095 DEBUG - API.execute RESPONSE STATUS : 200
2014/02/10 00:08:50:410 INFO - GetAPI.doExecute REQUEST : http://localhost:8080/engine-rest/engine/default/process-definition
2014/02/10 00:08:50:556 DEBUG - API.execute RESPONSE CODE : 200
2014/02/10 00:08:50:762 DEBUG - API.execute RESPONSE STATUS : 200
2014/02/10 00:08:59:285 INFO - GetAPI.doExecute REQUEST : http://localhost:8080/engine-rest/engine/default/process-definition
2014/02/10 00:08:59:412 DEBUG - API.execute RESPONSE CODE : 200
2014/02/10 00:08:59:611 DEBUG - API.execute RESPONSE STATUS : 200
2014/02/10 00:10:02:278 INFO - GetAPI.doExecute REQUEST : http://localhost:8080/engine-rest/engine/default/process-definition
2014/02/10 00:10:02:406 DEBUG - API.execute RESPONSE CODE : 200
2014/02/10 00:10:02:619 DEBUG - API.execute RESPONSE STATUS : 200
2014/02/10 00:10:21:013 INFO - GetAPI.doExecute REQUEST : http://localhost:8080/engine-rest/engine/default/process-definition
2014/02/10 00:10:21:126 DEBUG - API.execute RESPONSE CODE : 200
2014/02/10 00:10:21:331 DEBUG - API.execute RESPONSE STATUS : 200
2014/02/10 00:15:30:288 INFO - GetAPI.doExecute REQUEST : http://localhost:8080/engine-rest/engine/default/process-definition
2014/02/10 00:15:30:409 DEBUG - API.execute RESPONSE CODE : 200
2014/02/10 00:15:30:604 DEBUG - API.execute RESPONSE STATUS : 200
2014/02/10 00:15:30:644 INFO - PostAPI.doExecute REQUEST : http://localhost:8080/engine-rest/engine/default/process-definition/calledProcess:1:404a04f4-8f38-11e3-9e79-109add445dbf/start
2014/02/10 00:15:30:648 DEBUG - API.execute RESPONSE CODE : 401
2014/02/10 00:16:46:228 INFO - GetAPI.doExecute REQUEST : http://localhost:8080/engine-rest/engine/default/process-definition
2014/02/10 00:16:46:347 DEBUG - API.execute RESPONSE CODE : 200
2014/02/10 00:16:46:550 DEBUG - API.execute RESPONSE STATUS : 200
2014/02/10 00:16:46:587 INFO - PostAPI.doExecute REQUEST : http://localhost:8080/engine-rest/engine/default/process-definition/calledProcess:1:404a04f4-8f38-11e3-9e79-109add445dbf/start
2014/02/10 00:16:46:798 DEBUG - API.execute RESPONSE CODE : 200
2014/02/10 00:16:46:806 DEBUG - API.execute RESPONSE STATUS : 200
2014/02/10 00:16:46:827 INFO - GetAPI.doExecute REQUEST : http://localhost:8080/engine-rest/engine/null/task?processInstanceId=30e93657-919d-11e3-90a5-109add445dbf
2014/02/10 00:16:46:849 DEBUG - API.execute RESPONSE CODE : 404
2014/02/10 00:18:50:139 INFO - GetAPI.doExecute REQUEST : http://localhost:8080/engine-rest/engine/default/process-definition
2014/02/10 00:18:50:264 DEBUG - API.execute RESPONSE CODE : 200
2014/02/10 00:18:50:470 DEBUG - API.execute RESPONSE STATUS : 200
2014/02/10 00:18:50:505 INFO - PostAPI.doExecute REQUEST : http://localhost:8080/engine-rest/engine/default/process-definition/calledProcess:1:404a04f4-8f38-11e3-9e79-109add445dbf/start
2014/02/10 00:18:50:522 DEBUG - API.execute RESPONSE CODE : 200
2014/02/10 00:18:50:527 DEBUG - API.execute RESPONSE STATUS : 200
2014/02/10 00:18:50:537 INFO - GetAPI.doExecute REQUEST : http://localhost:8080/engine-rest/engine/default/task?processInstanceId=7aaabe3c-919d-11e3-90a5-109add445dbf
2014/02/10 00:18:50:602 DEBUG - API.execute RESPONSE CODE : 200
2014/02/10 00:18:50:609 DEBUG - API.execute RESPONSE STATUS : 200
