2014/02/11 21:59:41:424 DEBUG - API.execute RESPONSE CODE : 200
2014/02/11 21:59:41:654 DEBUG - API.execute RESPONSE STATUS : 200
2014/02/11 22:06:10:204 DEBUG - API.execute RESPONSE CODE : 200
2014/02/11 22:06:10:286 DEBUG - API.execute RESPONSE STATUS : 200
2014/02/11 22:07:18:873 DEBUG - API.execute RESPONSE CODE : 200
2014/02/11 22:07:18:953 DEBUG - API.execute RESPONSE STATUS : 200
2014/02/11 22:12:30:569 DEBUG - API.execute RESPONSE CODE : 200
2014/02/11 22:12:30:645 DEBUG - API.execute RESPONSE STATUS : 200
2014/02/11 22:13:01:640 DEBUG - API.execute RESPONSE CODE : 200
2014/02/11 22:13:01:711 DEBUG - API.execute RESPONSE STATUS : 200
2014/02/11 22:14:09:063 DEBUG - API.execute RESPONSE CODE : 200
2014/02/11 22:14:09:137 DEBUG - API.execute RESPONSE STATUS : 200
2014/02/11 22:15:38:526 DEBUG - API.execute RESPONSE CODE : 200
2014/02/11 22:15:38:600 DEBUG - API.execute RESPONSE STATUS : 200
2014/02/11 22:18:08:516 DEBUG - API.execute RESPONSE CODE : 200
2014/02/11 22:18:08:598 DEBUG - API.execute RESPONSE STATUS : 200
2014/02/11 22:19:12:064 DEBUG - API.execute RESPONSE CODE : 200
2014/02/11 22:19:12:208 DEBUG - API.execute RESPONSE STATUS : 200
2014/02/11 22:25:18:135 DEBUG - API.execute RESPONSE CODE : 200
2014/02/11 22:25:18:213 DEBUG - API.execute RESPONSE STATUS : 200
2014/02/11 22:26:22:581 DEBUG - API.execute RESPONSE CODE : 200
2014/02/11 22:26:22:662 DEBUG - API.execute RESPONSE STATUS : 200
2014/02/11 22:28:40:620 DEBUG - API.execute RESPONSE CODE : 200
2014/02/11 22:28:40:698 DEBUG - API.execute RESPONSE STATUS : 200
2014/02/11 22:29:18:904 DEBUG - API.execute RESPONSE CODE : 415
2014/02/11 22:31:07:848 DEBUG - API.execute RESPONSE CODE : 200
2014/02/11 22:31:07:921 DEBUG - API.execute RESPONSE STATUS : 200
2014/02/11 22:31:08:327 DEBUG - API.execute RESPONSE CODE : 500
2014/02/11 22:31:40:202 DEBUG - API.execute RESPONSE CODE : 200
2014/02/11 22:31:40:272 DEBUG - API.execute RESPONSE STATUS : 200
2014/02/11 22:31:40:330 DEBUG - API.execute RESPONSE CODE : 500
2014/02/11 22:32:47:836 DEBUG - API.execute RESPONSE CODE : 200
2014/02/11 22:32:47:923 DEBUG - API.execute RESPONSE STATUS : 200
2014/02/11 22:33:23:493 DEBUG - API.execute RESPONSE CODE : 500
2014/02/11 22:34:11:132 DEBUG - API.execute RESPONSE CODE : 200
2014/02/11 22:34:11:216 DEBUG - API.execute RESPONSE STATUS : 200
2014/02/11 22:34:14:829 DEBUG - API.execute RESPONSE CODE : 200
2014/02/11 22:34:14:837 DEBUG - API.execute RESPONSE STATUS : 200
2014/02/11 22:34:16:650 DEBUG - API.execute RESPONSE CODE : 200
2014/02/11 22:34:16:660 DEBUG - API.execute RESPONSE STATUS : 200
2014/02/11 22:41:18:568 DEBUG - BaseHttpClientRequester.execute Request URL : http://localhost:8080/engine-rest/engine/default/process-definition?
2014/02/11 22:41:19:536 DEBUG - API.execute RESPONSE CODE : 200
2014/02/11 22:41:19:812 DEBUG - BaseHttpClientRequester.execute Request URL : http://localhost:8080/engine-rest/engine/default/process-definition/calledProcess:1:404a04f4-8f38-11e3-9e79-109add445dbf/start
2014/02/11 22:41:19:874 DEBUG - API.execute RESPONSE CODE : 200
2014/02/11 22:41:19:937 DEBUG - BaseHttpClientRequester.execute Request URL : http://localhost:8080/engine-rest/engine/default/task?processInstanceId=3036dd96-9322-11e3-90a5-109add445dbf
2014/02/11 22:41:19:959 DEBUG - API.execute RESPONSE CODE : 200
2014/02/11 22:43:13:852 DEBUG - BaseHttpClientRequester.execute Request URL : http://localhost:8080/engine-rest/engine/default/process-definition
2014/02/11 22:43:14:293 DEBUG - API.execute RESPONSE CODE : 200
2014/02/11 22:43:14:369 DEBUG - BaseHttpClientRequester.execute Request URL : http://localhost:8080/engine-rest/engine/default/process-definition/calledProcess:1:404a04f4-8f38-11e3-9e79-109add445dbf/start
2014/02/11 22:43:14:588 DEBUG - API.execute RESPONSE CODE : 200
2014/02/11 22:43:14:595 DEBUG - BaseHttpClientRequester.execute Request URL : http://localhost:8080/engine-rest/engine/default/task?processInstanceId=7497988b-9322-11e3-90a5-109add445dbf
2014/02/11 22:43:14:621 DEBUG - API.execute RESPONSE CODE : 200
