2014/02/12 00:04:11:348 DEBUG - BaseHttpClientRequester.execute Request URL : http://localhost:8080/engine-rest/engine/default/process-definition
2014/02/12 00:04:11:911 DEBUG - API.execute RESPONSE CODE : 200
2014/02/12 00:04:11:987 DEBUG - BaseHttpClientRequester.execute Request URL : http://localhost:8080/engine-rest/engine/default/process-definition/calledProcess:1:404a04f4-8f38-11e3-9e79-109add445dbf/start
2014/02/12 00:04:12:064 DEBUG - API.execute RESPONSE CODE : 200
2014/02/12 00:04:12:074 DEBUG - BaseHttpClientRequester.execute Request URL : http://localhost:8080/engine-rest/engine/default/task?processInstanceId=c3e01200-932d-11e3-90a5-109add445dbf
2014/02/12 00:04:12:103 DEBUG - API.execute RESPONSE CODE : 200
2014/02/12 00:04:12:111 DEBUG - BaseHttpClientRequester.execute Request URL : http://localhost:8080/engine-rest/engine/default/task/c3e03914-932d-11e3-90a5-109add445dbf/identity-links
2014/02/12 00:04:12:670 DEBUG - API.execute RESPONSE CODE : 200
2014/02/12 00:24:32:655 DEBUG - BaseHttpClientRequester.execute Request URL : http://localhost:8080/engine-rest/engine/default/process-definition
2014/02/12 00:24:33:210 DEBUG - API.execute RESPONSE CODE : 200
2014/02/12 00:24:33:288 DEBUG - BaseHttpClientRequester.execute Request URL : http://localhost:8080/engine-rest/engine/default/process-definition/calledProcess:1:404a04f4-8f38-11e3-9e79-109add445dbf/start
2014/02/12 00:24:33:359 DEBUG - API.execute RESPONSE CODE : 200
2014/02/12 00:24:33:369 DEBUG - BaseHttpClientRequester.execute Request URL : http://localhost:8080/engine-rest/engine/default/task?processInstanceId=9bd026d5-9330-11e3-90a5-109add445dbf
2014/02/12 00:24:33:395 DEBUG - API.execute RESPONSE CODE : 200
2014/02/12 00:24:33:404 DEBUG - BaseHttpClientRequester.execute Request URL : http://localhost:8080/engine-rest/engine/default/task/9bd04de9-9330-11e3-90a5-109add445dbf/identity-links
2014/02/12 00:24:34:468 DEBUG - API.execute RESPONSE CODE : 204
2014/02/12 00:26:34:665 DEBUG - BaseHttpClientRequester.execute Request URL : http://localhost:8080/engine-rest/engine/default/process-definition
2014/02/12 00:26:35:231 DEBUG - API.execute RESPONSE CODE : 200
2014/02/12 00:26:35:306 DEBUG - BaseHttpClientRequester.execute Request URL : http://localhost:8080/engine-rest/engine/default/process-definition/calledProcess:1:404a04f4-8f38-11e3-9e79-109add445dbf/start
2014/02/12 00:26:35:434 DEBUG - API.execute RESPONSE CODE : 200
2014/02/12 00:26:35:442 DEBUG - BaseHttpClientRequester.execute Request URL : http://localhost:8080/engine-rest/engine/default/task?processInstanceId=e49a2f5b-9330-11e3-90a5-109add445dbf
2014/02/12 00:26:35:466 DEBUG - API.execute RESPONSE CODE : 200
2014/02/12 00:26:35:477 DEBUG - BaseHttpClientRequester.execute Request URL : http://localhost:8080/engine-rest/engine/default/task/e49a566f-9330-11e3-90a5-109add445dbf/identity-links
2014/02/12 00:26:35:502 DEBUG - API.execute RESPONSE CODE : 204
2014/02/12 00:26:35:504 DEBUG - BaseHttpClientRequester.execute Request URL : http://localhost:8080/engine-rest/engine/default/task/e49a566f-9330-11e3-90a5-109add445dbf/identity-links
2014/02/12 00:26:35:529 DEBUG - API.execute RESPONSE CODE : 200
2014/02/12 00:41:52:828 DEBUG - BaseHttpClientRequester.execute Request URL : http://localhost:8080/engine-rest/engine/default/process-definition
2014/02/12 00:41:53:289 DEBUG - API.execute RESPONSE CODE : 200
2014/02/12 00:41:53:363 DEBUG - BaseHttpClientRequester.execute Request URL : http://localhost:8080/engine-rest/engine/default/process-definition/calledProcess:1:404a04f4-8f38-11e3-9e79-109add445dbf/start
2014/02/12 00:41:53:402 DEBUG - API.execute RESPONSE CODE : 200
2014/02/12 00:41:53:410 DEBUG - BaseHttpClientRequester.execute Request URL : http://localhost:8080/engine-rest/engine/default/process-definition/calledProcess:1:404a04f4-8f38-11e3-9e79-109add445dbf/start
2014/02/12 00:41:53:439 DEBUG - API.execute RESPONSE CODE : 200
2014/02/12 00:41:53:442 DEBUG - BaseHttpClientRequester.execute Request URL : http://localhost:8080/engine-rest/engine/default/process-definition/calledProcess:1:404a04f4-8f38-11e3-9e79-109add445dbf/start
2014/02/12 00:41:53:530 DEBUG - API.execute RESPONSE CODE : 200
2014/02/12 00:41:53:532 DEBUG - BaseHttpClientRequester.execute Request URL : http://localhost:8080/engine-rest/engine/default/process-definition/calledProcess:1:404a04f4-8f38-11e3-9e79-109add445dbf/start
2014/02/12 00:41:53:589 DEBUG - API.execute RESPONSE CODE : 200
2014/02/12 00:41:53:592 DEBUG - BaseHttpClientRequester.execute Request URL : http://localhost:8080/engine-rest/engine/default/process-definition/calledProcess:1:404a04f4-8f38-11e3-9e79-109add445dbf/start
2014/02/12 00:41:53:626 DEBUG - API.execute RESPONSE CODE : 200
2014/02/12 00:41:53:628 DEBUG - BaseHttpClientRequester.execute Request URL : http://localhost:8080/engine-rest/engine/default/process-instance
2014/02/12 00:41:53:901 DEBUG - API.execute RESPONSE CODE : 200
2014/02/12 00:44:41:633 DEBUG - BaseHttpClientRequester.execute Request URL : http://localhost:8080/engine-rest/engine/default/process-definition
2014/02/12 00:44:42:091 DEBUG - API.execute RESPONSE CODE : 200
2014/02/12 00:44:42:176 DEBUG - BaseHttpClientRequester.execute Request URL : http://localhost:8080/engine-rest/engine/default/process-definition/calledProcess:1:404a04f4-8f38-11e3-9e79-109add445dbf/start
2014/02/12 00:44:42:204 DEBUG - API.execute RESPONSE CODE : 200
2014/02/12 00:44:42:212 DEBUG - BaseHttpClientRequester.execute Request URL : http://localhost:8080/engine-rest/engine/default/process-definition/calledProcess:1:404a04f4-8f38-11e3-9e79-109add445dbf/start
2014/02/12 00:44:42:252 DEBUG - API.execute RESPONSE CODE : 200
2014/02/12 00:44:42:255 DEBUG - BaseHttpClientRequester.execute Request URL : http://localhost:8080/engine-rest/engine/default/process-definition/calledProcess:1:404a04f4-8f38-11e3-9e79-109add445dbf/start
2014/02/12 00:44:42:281 DEBUG - API.execute RESPONSE CODE : 200
2014/02/12 00:44:42:284 DEBUG - BaseHttpClientRequester.execute Request URL : http://localhost:8080/engine-rest/engine/default/process-definition/calledProcess:1:404a04f4-8f38-11e3-9e79-109add445dbf/start
2014/02/12 00:44:42:314 DEBUG - API.execute RESPONSE CODE : 200
2014/02/12 00:44:42:316 DEBUG - BaseHttpClientRequester.execute Request URL : http://localhost:8080/engine-rest/engine/default/process-definition/calledProcess:1:404a04f4-8f38-11e3-9e79-109add445dbf/start
2014/02/12 00:44:42:343 DEBUG - API.execute RESPONSE CODE : 200
2014/02/12 00:44:42:347 DEBUG - BaseHttpClientRequester.execute Request URL : http://localhost:8080/engine-rest/engine/default/process-instance
2014/02/12 00:44:42:371 DEBUG - API.execute RESPONSE CODE : 200
2014/02/12 00:44:42:392 DEBUG - BaseHttpClientRequester.execute Request URL : http://localhost:8080/engine-rest/engine/default/process-instance
2014/02/12 00:44:42:425 DEBUG - API.execute RESPONSE CODE : 200
2014/02/12 00:46:48:595 DEBUG - BaseHttpClientRequester.execute Request : GET  http://localhost:8080/engine-rest/engine/default/process-definition
2014/02/12 00:46:49:024 DEBUG - API.execute RESPONSE CODE : 200
2014/02/12 00:46:49:098 DEBUG - BaseHttpClientRequester.execute Request : POST  http://localhost:8080/engine-rest/engine/default/process-definition/calledProcess:1:404a04f4-8f38-11e3-9e79-109add445dbf/start
2014/02/12 00:46:49:127 DEBUG - API.execute RESPONSE CODE : 200
2014/02/12 00:46:49:133 DEBUG - BaseHttpClientRequester.execute Request : POST  http://localhost:8080/engine-rest/engine/default/process-definition/calledProcess:1:404a04f4-8f38-11e3-9e79-109add445dbf/start
2014/02/12 00:46:49:429 DEBUG - API.execute RESPONSE CODE : 200
2014/02/12 00:46:49:431 DEBUG - BaseHttpClientRequester.execute Request : POST  http://localhost:8080/engine-rest/engine/default/process-definition/calledProcess:1:404a04f4-8f38-11e3-9e79-109add445dbf/start
2014/02/12 00:46:49:476 DEBUG - API.execute RESPONSE CODE : 200
2014/02/12 00:46:49:479 DEBUG - BaseHttpClientRequester.execute Request : POST  http://localhost:8080/engine-rest/engine/default/process-definition/calledProcess:1:404a04f4-8f38-11e3-9e79-109add445dbf/start
2014/02/12 00:46:49:505 DEBUG - API.execute RESPONSE CODE : 200
2014/02/12 00:46:49:507 DEBUG - BaseHttpClientRequester.execute Request : POST  http://localhost:8080/engine-rest/engine/default/process-definition/calledProcess:1:404a04f4-8f38-11e3-9e79-109add445dbf/start
2014/02/12 00:46:49:535 DEBUG - API.execute RESPONSE CODE : 200
2014/02/12 00:46:49:539 DEBUG - BaseHttpClientRequester.execute Request : GET  http://localhost:8080/engine-rest/engine/default/process-instance
2014/02/12 00:46:49:572 DEBUG - API.execute RESPONSE CODE : 200
2014/02/12 00:46:49:597 DEBUG - BaseHttpClientRequester.execute Request : GET  http://localhost:8080/engine-rest/engine/default/process-instance
2014/02/12 00:46:49:645 DEBUG - API.execute RESPONSE CODE : 200
2014/02/12 00:47:26:196 DEBUG - BaseHttpClientRequester.execute Request : GET  http://localhost:8080/engine-rest/engine/default/process-definition
2014/02/12 00:47:26:648 DEBUG - API.execute RESPONSE CODE : 200
2014/02/12 00:47:26:729 DEBUG - BaseHttpClientRequester.execute Request : POST  http://localhost:8080/engine-rest/engine/default/process-definition/calledProcess:1:404a04f4-8f38-11e3-9e79-109add445dbf/start
2014/02/12 00:47:26:754 DEBUG - API.execute RESPONSE CODE : 200
2014/02/12 00:47:26:761 DEBUG - BaseHttpClientRequester.execute Request : POST  http://localhost:8080/engine-rest/engine/default/process-definition/calledProcess:1:404a04f4-8f38-11e3-9e79-109add445dbf/start
2014/02/12 00:47:26:786 DEBUG - API.execute RESPONSE CODE : 200
2014/02/12 00:47:26:788 DEBUG - BaseHttpClientRequester.execute Request : POST  http://localhost:8080/engine-rest/engine/default/process-definition/calledProcess:1:404a04f4-8f38-11e3-9e79-109add445dbf/start
2014/02/12 00:47:26:826 DEBUG - API.execute RESPONSE CODE : 200
2014/02/12 00:47:26:829 DEBUG - BaseHttpClientRequester.execute Request : POST  http://localhost:8080/engine-rest/engine/default/process-definition/calledProcess:1:404a04f4-8f38-11e3-9e79-109add445dbf/start
2014/02/12 00:47:26:856 DEBUG - API.execute RESPONSE CODE : 200
2014/02/12 00:47:26:859 DEBUG - BaseHttpClientRequester.execute Request : POST  http://localhost:8080/engine-rest/engine/default/process-definition/calledProcess:1:404a04f4-8f38-11e3-9e79-109add445dbf/start
2014/02/12 00:47:26:909 DEBUG - API.execute RESPONSE CODE : 200
2014/02/12 00:47:26:911 DEBUG - BaseHttpClientRequester.execute Request : GET  http://localhost:8080/engine-rest/engine/default/process-instance
2014/02/12 00:47:26:945 DEBUG - API.execute RESPONSE CODE : 200
2014/02/12 00:47:26:986 DEBUG - BaseHttpClientRequester.execute Request : GET  http://localhost:8080/engine-rest/engine/default/process-instance
2014/02/12 00:47:27:046 DEBUG - API.execute RESPONSE CODE : 200
2014/02/12 00:48:26:439 DEBUG - BaseHttpClientRequester.execute Request : GET  http://localhost:8080/engine-rest/engine/default/process-definition
2014/02/12 00:48:35:069 DEBUG - API.execute RESPONSE CODE : 200
2014/02/12 00:48:35:181 DEBUG - BaseHttpClientRequester.execute Request : POST  http://localhost:8080/engine-rest/engine/default/process-definition/calledProcess:1:404a04f4-8f38-11e3-9e79-109add445dbf/start
2014/02/12 00:48:35:235 DEBUG - API.execute RESPONSE CODE : 200
2014/02/12 00:48:35:242 DEBUG - BaseHttpClientRequester.execute Request : POST  http://localhost:8080/engine-rest/engine/default/process-definition/calledProcess:1:404a04f4-8f38-11e3-9e79-109add445dbf/start
2014/02/12 00:48:35:270 DEBUG - API.execute RESPONSE CODE : 200
2014/02/12 00:48:35:274 DEBUG - BaseHttpClientRequester.execute Request : POST  http://localhost:8080/engine-rest/engine/default/process-definition/calledProcess:1:404a04f4-8f38-11e3-9e79-109add445dbf/start
2014/02/12 00:48:35:336 DEBUG - API.execute RESPONSE CODE : 200
2014/02/12 00:48:35:338 DEBUG - BaseHttpClientRequester.execute Request : POST  http://localhost:8080/engine-rest/engine/default/process-definition/calledProcess:1:404a04f4-8f38-11e3-9e79-109add445dbf/start
2014/02/12 00:48:35:365 DEBUG - API.execute RESPONSE CODE : 200
2014/02/12 00:48:35:367 DEBUG - BaseHttpClientRequester.execute Request : POST  http://localhost:8080/engine-rest/engine/default/process-definition/calledProcess:1:404a04f4-8f38-11e3-9e79-109add445dbf/start
2014/02/12 00:48:35:392 DEBUG - API.execute RESPONSE CODE : 200
2014/02/12 00:48:35:395 DEBUG - BaseHttpClientRequester.execute Request : GET  http://localhost:8080/engine-rest/engine/default/process-instance
2014/02/12 00:48:35:440 DEBUG - API.execute RESPONSE CODE : 200
2014/02/12 00:48:35:468 DEBUG - BaseHttpClientRequester.execute Request : GET  http://localhost:8080/engine-rest/engine/default/process-instance
2014/02/12 00:48:35:594 DEBUG - API.execute RESPONSE CODE : 200
2014/02/12 00:49:47:792 DEBUG - BaseHttpClientRequester.execute Request : GET  http://localhost:8080/engine-rest/engine/default/process-definition
2014/02/12 00:49:48:300 DEBUG - API.execute RESPONSE CODE : 200
2014/02/12 00:49:48:386 DEBUG - BaseHttpClientRequester.execute Request : POST  http://localhost:8080/engine-rest/engine/default/process-definition/calledProcess:1:404a04f4-8f38-11e3-9e79-109add445dbf/start
2014/02/12 00:49:48:414 DEBUG - API.execute RESPONSE CODE : 200
2014/02/12 00:49:48:420 DEBUG - BaseHttpClientRequester.execute Request : POST  http://localhost:8080/engine-rest/engine/default/process-definition/calledProcess:1:404a04f4-8f38-11e3-9e79-109add445dbf/start
2014/02/12 00:49:48:469 DEBUG - API.execute RESPONSE CODE : 200
2014/02/12 00:49:48:472 DEBUG - BaseHttpClientRequester.execute Request : POST  http://localhost:8080/engine-rest/engine/default/process-definition/calledProcess:1:404a04f4-8f38-11e3-9e79-109add445dbf/start
2014/02/12 00:49:48:499 DEBUG - API.execute RESPONSE CODE : 200
2014/02/12 00:49:48:502 DEBUG - BaseHttpClientRequester.execute Request : POST  http://localhost:8080/engine-rest/engine/default/process-definition/calledProcess:1:404a04f4-8f38-11e3-9e79-109add445dbf/start
2014/02/12 00:49:48:531 DEBUG - API.execute RESPONSE CODE : 200
2014/02/12 00:49:48:534 DEBUG - BaseHttpClientRequester.execute Request : POST  http://localhost:8080/engine-rest/engine/default/process-definition/calledProcess:1:404a04f4-8f38-11e3-9e79-109add445dbf/start
2014/02/12 00:49:48:566 DEBUG - API.execute RESPONSE CODE : 200
2014/02/12 00:49:48:570 DEBUG - BaseHttpClientRequester.execute Request : GET  http://localhost:8080/engine-rest/engine/default/process-instance
2014/02/12 00:49:48:615 DEBUG - API.execute RESPONSE CODE : 200
2014/02/12 00:49:48:639 DEBUG - BaseHttpClientRequester.execute Request : GET  http://localhost:8080/engine-rest/engine/default/process-instance
2014/02/12 00:49:48:670 DEBUG - API.execute RESPONSE CODE : 200
2014/02/12 00:50:21:134 DEBUG - BaseHttpClientRequester.execute Request : GET  http://localhost:8080/engine-rest/engine/default/process-definition
2014/02/12 00:50:21:636 DEBUG - API.execute RESPONSE CODE : 200
2014/02/12 00:50:21:723 DEBUG - BaseHttpClientRequester.execute Request : POST  http://localhost:8080/engine-rest/engine/default/process-definition/calledProcess:1:404a04f4-8f38-11e3-9e79-109add445dbf/start
2014/02/12 00:50:21:752 DEBUG - API.execute RESPONSE CODE : 200
2014/02/12 00:50:21:762 DEBUG - BaseHttpClientRequester.execute Request : POST  http://localhost:8080/engine-rest/engine/default/process-definition/calledProcess:1:404a04f4-8f38-11e3-9e79-109add445dbf/start
2014/02/12 00:50:21:809 DEBUG - API.execute RESPONSE CODE : 200
2014/02/12 00:50:21:811 DEBUG - BaseHttpClientRequester.execute Request : POST  http://localhost:8080/engine-rest/engine/default/process-definition/calledProcess:1:404a04f4-8f38-11e3-9e79-109add445dbf/start
2014/02/12 00:50:21:858 DEBUG - API.execute RESPONSE CODE : 200
2014/02/12 00:50:21:862 DEBUG - BaseHttpClientRequester.execute Request : POST  http://localhost:8080/engine-rest/engine/default/process-definition/calledProcess:1:404a04f4-8f38-11e3-9e79-109add445dbf/start
2014/02/12 00:50:21:890 DEBUG - API.execute RESPONSE CODE : 200
2014/02/12 00:50:21:892 DEBUG - BaseHttpClientRequester.execute Request : POST  http://localhost:8080/engine-rest/engine/default/process-definition/calledProcess:1:404a04f4-8f38-11e3-9e79-109add445dbf/start
2014/02/12 00:50:21:975 DEBUG - API.execute RESPONSE CODE : 200
2014/02/12 00:50:21:979 DEBUG - BaseHttpClientRequester.execute Request : GET  http://localhost:8080/engine-rest/engine/default/process-instance
2014/02/12 00:50:22:020 DEBUG - API.execute RESPONSE CODE : 200
2014/02/12 00:50:27:063 DEBUG - BaseHttpClientRequester.execute Request : DELETE  http://localhost:8080/engine-rest/engine/default/process-instance/36c0e3c7-9334-11e3-90a5-109add445dbf
2014/02/12 00:50:27:676 DEBUG - API.execute RESPONSE CODE : 204
2014/02/12 00:50:27:677 DEBUG - BaseHttpClientRequester.execute Request : GET  http://localhost:8080/engine-rest/engine/default/process-instance
2014/02/12 00:50:27:702 DEBUG - API.execute RESPONSE CODE : 200
2014/02/12 00:50:27:711 DEBUG - BaseHttpClientRequester.execute Request : GET  http://localhost:8080/engine-rest/engine/default/process-instance
2014/02/12 00:50:27:737 DEBUG - API.execute RESPONSE CODE : 200
2014/02/12 00:50:27:748 DEBUG - BaseHttpClientRequester.execute Request : GET  http://localhost:8080/engine-rest/engine/default/task?processInstanceId=36c0e3c7-9334-11e3-90a5-109add445dbf
2014/02/12 00:50:27:783 DEBUG - API.execute RESPONSE CODE : 200
2014/02/12 00:51:54:350 DEBUG - BaseHttpClientRequester.execute Request : GET  http://localhost:8080/engine-rest/engine/default/process-definition
2014/02/12 00:51:54:854 DEBUG - API.execute RESPONSE CODE : 200
2014/02/12 00:51:54:942 DEBUG - BaseHttpClientRequester.execute Request : POST  http://localhost:8080/engine-rest/engine/default/process-definition/calledProcess:1:404a04f4-8f38-11e3-9e79-109add445dbf/start
2014/02/12 00:51:54:970 DEBUG - API.execute RESPONSE CODE : 200
2014/02/12 00:51:54:979 DEBUG - BaseHttpClientRequester.execute Request : POST  http://localhost:8080/engine-rest/engine/default/process-definition/calledProcess:1:404a04f4-8f38-11e3-9e79-109add445dbf/start
2014/02/12 00:51:55:007 DEBUG - API.execute RESPONSE CODE : 200
2014/02/12 00:51:55:011 DEBUG - BaseHttpClientRequester.execute Request : POST  http://localhost:8080/engine-rest/engine/default/process-definition/calledProcess:1:404a04f4-8f38-11e3-9e79-109add445dbf/start
2014/02/12 00:51:55:061 DEBUG - API.execute RESPONSE CODE : 200
2014/02/12 00:51:55:063 DEBUG - BaseHttpClientRequester.execute Request : POST  http://localhost:8080/engine-rest/engine/default/process-definition/calledProcess:1:404a04f4-8f38-11e3-9e79-109add445dbf/start
2014/02/12 00:51:55:115 DEBUG - API.execute RESPONSE CODE : 200
2014/02/12 00:51:55:118 DEBUG - BaseHttpClientRequester.execute Request : POST  http://localhost:8080/engine-rest/engine/default/process-definition/calledProcess:1:404a04f4-8f38-11e3-9e79-109add445dbf/start
2014/02/12 00:51:55:146 DEBUG - API.execute RESPONSE CODE : 200
2014/02/12 00:51:55:150 DEBUG - BaseHttpClientRequester.execute Request : GET  http://localhost:8080/engine-rest/engine/default/process-instance
2014/02/12 00:51:55:230 DEBUG - API.execute RESPONSE CODE : 200
2014/02/12 00:52:02:594 DEBUG - BaseHttpClientRequester.execute Request : DELETE  http://localhost:8080/engine-rest/engine/default/process-instance/6e50d400-9334-11e3-90a5-109add445dbf
2014/02/12 00:52:02:678 DEBUG - API.execute RESPONSE CODE : 204
2014/02/12 00:52:02:679 DEBUG - BaseHttpClientRequester.execute Request : GET  http://localhost:8080/engine-rest/engine/default/process-instance
2014/02/12 00:52:02:710 DEBUG - API.execute RESPONSE CODE : 200
2014/02/12 00:52:02:719 DEBUG - BaseHttpClientRequester.execute Request : GET  http://localhost:8080/engine-rest/engine/default/process-instance
2014/02/12 00:52:02:741 DEBUG - API.execute RESPONSE CODE : 200
2014/02/12 00:52:02:752 DEBUG - BaseHttpClientRequester.execute Request : GET  http://localhost:8080/engine-rest/engine/default/task?processInstanceId=6e50d400-9334-11e3-90a5-109add445dbf
2014/02/12 00:52:02:778 DEBUG - API.execute RESPONSE CODE : 200
2014/02/12 00:52:22:099 DEBUG - BaseHttpClientRequester.execute Request : GET  http://localhost:8080/engine-rest/engine/default/process-definition
2014/02/12 00:52:22:576 DEBUG - API.execute RESPONSE CODE : 200
2014/02/12 00:52:22:669 DEBUG - BaseHttpClientRequester.execute Request : POST  http://localhost:8080/engine-rest/engine/default/process-definition/calledProcess:1:404a04f4-8f38-11e3-9e79-109add445dbf/start
2014/02/12 00:52:22:697 DEBUG - API.execute RESPONSE CODE : 200
2014/02/12 00:52:22:704 DEBUG - BaseHttpClientRequester.execute Request : POST  http://localhost:8080/engine-rest/engine/default/process-definition/calledProcess:1:404a04f4-8f38-11e3-9e79-109add445dbf/start
2014/02/12 00:52:22:750 DEBUG - API.execute RESPONSE CODE : 200
2014/02/12 00:52:22:752 DEBUG - BaseHttpClientRequester.execute Request : POST  http://localhost:8080/engine-rest/engine/default/process-definition/calledProcess:1:404a04f4-8f38-11e3-9e79-109add445dbf/start
2014/02/12 00:52:22:780 DEBUG - API.execute RESPONSE CODE : 200
2014/02/12 00:52:22:783 DEBUG - BaseHttpClientRequester.execute Request : POST  http://localhost:8080/engine-rest/engine/default/process-definition/calledProcess:1:404a04f4-8f38-11e3-9e79-109add445dbf/start
2014/02/12 00:52:22:807 DEBUG - API.execute RESPONSE CODE : 200
2014/02/12 00:52:22:810 DEBUG - BaseHttpClientRequester.execute Request : POST  http://localhost:8080/engine-rest/engine/default/process-definition/calledProcess:1:404a04f4-8f38-11e3-9e79-109add445dbf/start
2014/02/12 00:52:22:832 DEBUG - API.execute RESPONSE CODE : 200
2014/02/12 00:52:22:835 DEBUG - BaseHttpClientRequester.execute Request : GET  http://localhost:8080/engine-rest/engine/default/process-instance
2014/02/12 00:52:22:906 DEBUG - API.execute RESPONSE CODE : 200
2014/02/12 00:52:27:564 DEBUG - BaseHttpClientRequester.execute Request : DELETE  http://localhost:8080/engine-rest/engine/default/process-instance/7edcab1e-9334-11e3-90a5-109add445dbf
2014/02/12 00:52:27:601 DEBUG - API.execute RESPONSE CODE : 204
2014/02/12 00:52:27:603 DEBUG - BaseHttpClientRequester.execute Request : GET  http://localhost:8080/engine-rest/engine/default/process-instance
2014/02/12 00:52:27:641 DEBUG - API.execute RESPONSE CODE : 200
2014/02/12 00:52:27:661 DEBUG - BaseHttpClientRequester.execute Request : GET  http://localhost:8080/engine-rest/engine/default/process-instance
2014/02/12 00:52:27:686 DEBUG - API.execute RESPONSE CODE : 200
2014/02/12 00:52:27:695 DEBUG - BaseHttpClientRequester.execute Request : GET  http://localhost:8080/engine-rest/engine/default/task?processInstanceId=7ed7f029-9334-11e3-90a5-109add445dbf
2014/02/12 00:52:27:725 DEBUG - API.execute RESPONSE CODE : 200
2014/02/12 00:52:27:738 DEBUG - BaseHttpClientRequester.execute Request : POST  http://localhost:8080/engine-rest/engine/default/task/7ed7f02d-9334-11e3-90a5-109add445dbf/identity-links
2014/02/12 00:52:28:237 DEBUG - API.execute RESPONSE CODE : 204
2014/02/12 00:52:28:238 DEBUG - BaseHttpClientRequester.execute Request : GET  http://localhost:8080/engine-rest/engine/default/task/7ed7f02d-9334-11e3-90a5-109add445dbf/identity-links
2014/02/12 00:52:28:256 DEBUG - API.execute RESPONSE CODE : 200
